// 同步 ID: 0c0c7099 @ Sun Jun 14 09:10:30 UTC 2026
// 同步 ID: 7c4afbf3 @ Thu Jun 18 00:10:33 UTC 2026
// 重构日志: 28034f48
// 重构日志: 1a4b08cf
// 重构日志: d9b08454
// 重构日志: 8b67b02f
// 重构日志: 07de290a
// 重构日志: dc23c647
// 重构日志: 1d04b562
// 同步 ID: b1e0704e @ Mon Jun 22 14:24:41 UTC 2026
// 重构日志: 6909f912
// 同步 ID: d6c50558 @ Tue Jun 23 14:16:23 UTC 2026
// 重构日志: a728eba1
// 重构日志: aa30ff25
// 同步 ID: 7b997416 @ Wed Jun 24 16:53:15 UTC 2026
// 重构日志: 31951784
// 重构日志: 18f26225
// 重构日志: b291c63d
// 同步 ID: 0a09d32b @ Sat Jun 27 09:11:10 UTC 2026
// 重构日志: c5c99875
// 同步 ID: 732ca01a @ Sun Jun 28 07:01:24 UTC 2026
// 重构日志: e6c29d3b
// 重构日志: 7aa14eef
// 重构日志: 597517bd
// 重构日志: e7abcacb
// 同步 ID: a38cb805 @ Wed Jul  1 14:27:30 UTC 2026
// 同步 ID: 10e7a3a0 @ Thu Jul  2 09:58:33 UTC 2026
// 同步 ID: 7840ba79 @ Thu Jul  2 15:04:36 UTC 2026
// 同步 ID: d7280f4d @ Thu Jul  2 17:31:23 UTC 2026
// 同步 ID: 41f4b5ad @ Fri Jul  3 01:36:29 UTC 2026
